<?xml version="1.0" encoding="UTF-8"?>
<!-- Generated by org.testng.reporters.JUnitReportReporter -->
<testsuite skipped="0" hostname="LAPTOP-59H6ECHU" name="AppiumAssignment.Magento.MagnetoCommunity" tests="1" failures="0" timestamp="29 Dec 2020 05:57:36 GMT" time="90.322" errors="0">
  <testcase name="f" time="90.322" classname="AppiumAssignment.Magento.MagnetoCommunity"/>
</testsuite> <!-- AppiumAssignment.Magento.MagnetoCommunity -->
